<?xml version="1.0" encoding="UTF-8"?>
<testng-results ignored="0" total="2" passed="2" failed="0" skipped="0">
  <reporter-output>
  </reporter-output>
  <suite started-at="2022-09-05T08:43:39 IST" name="Suite" finished-at="2022-09-05T08:45:23 IST" duration-ms="104484">
    <groups>
    </groups>
    <test started-at="2022-09-05T08:43:39 IST" name="Test" finished-at="2022-09-05T08:45:23 IST" duration-ms="104484">
      <class name="TestCases.VerifyLoginTestCase">
        <test-method is-config="true" signature="launchbrowser()[pri:0, instance:TestCases.VerifyLoginTestCase@39529185]" started-at="2022-09-05T08:43:39 IST" name="launchbrowser" finished-at="2022-09-05T08:44:25 IST" duration-ms="46190" status="PASS">
          <reporter-output>
          </reporter-output>
        </test-method> <!-- launchbrowser -->
        <test-method signature="Login()[pri:0, instance:TestCases.VerifyLoginTestCase@39529185]" started-at="2022-09-05T08:44:25 IST" name="Login" finished-at="2022-09-05T08:44:30 IST" duration-ms="5239" status="PASS">
          <reporter-output>
          </reporter-output>
        </test-method> <!-- Login -->
        <test-method is-config="true" signature="TearDown()[pri:0, instance:TestCases.VerifyLoginTestCase@39529185]" started-at="2022-09-05T08:44:30 IST" name="TearDown" finished-at="2022-09-05T08:44:35 IST" duration-ms="4491" status="PASS">
          <reporter-output>
          </reporter-output>
        </test-method> <!-- TearDown -->
      </class> <!-- TestCases.VerifyLoginTestCase -->
      <class name="TestCases.VerifySignUpTestCase">
        <test-method is-config="true" signature="launchbrowser()[pri:0, instance:TestCases.VerifySignUpTestCase@402bba4f]" started-at="2022-09-05T08:44:35 IST" name="launchbrowser" finished-at="2022-09-05T08:44:44 IST" duration-ms="8755" status="PASS">
          <reporter-output>
          </reporter-output>
        </test-method> <!-- launchbrowser -->
        <test-method signature="SignUp()[pri:0, instance:TestCases.VerifySignUpTestCase@402bba4f]" started-at="2022-09-05T08:44:44 IST" name="SignUp" finished-at="2022-09-05T08:45:20 IST" duration-ms="36741" status="PASS">
          <reporter-output>
          </reporter-output>
        </test-method> <!-- SignUp -->
        <test-method is-config="true" signature="TearDown()[pri:0, instance:TestCases.VerifySignUpTestCase@402bba4f]" started-at="2022-09-05T08:45:20 IST" name="TearDown" finished-at="2022-09-05T08:45:23 IST" duration-ms="2904" status="PASS">
          <reporter-output>
          </reporter-output>
        </test-method> <!-- TearDown -->
      </class> <!-- TestCases.VerifySignUpTestCase -->
    </test> <!-- Test -->
  </suite> <!-- Suite -->
</testng-results>
