<?xml version="1.0" encoding="UTF-8"?>
<testng-results ignored="0" total="2" passed="2" failed="0" skipped="0">
  <reporter-output>
  </reporter-output>
  <suite started-at="2022-08-29T00:51:10 IST" name="Suite" finished-at="2022-08-29T00:51:36 IST" duration-ms="26266">
    <groups>
    </groups>
    <test started-at="2022-08-29T00:51:10 IST" name="Test" finished-at="2022-08-29T00:51:36 IST" duration-ms="26266">
      <class name="TestCases.VerifyLoginTestCase">
        <test-method is-config="true" signature="launchbrowser()[pri:0, instance:TestCases.VerifyLoginTestCase@194bcebf]" started-at="2022-08-29T00:51:10 IST" name="launchbrowser" finished-at="2022-08-29T00:51:19 IST" duration-ms="8776" status="PASS">
          <reporter-output>
          </reporter-output>
        </test-method> <!-- launchbrowser -->
        <test-method signature="Login()[pri:0, instance:TestCases.VerifyLoginTestCase@194bcebf]" started-at="2022-08-29T00:51:19 IST" name="Login" finished-at="2022-08-29T00:51:20 IST" duration-ms="1404" status="PASS">
          <reporter-output>
          </reporter-output>
        </test-method> <!-- Login -->
        <test-method is-config="true" signature="TearDown()[pri:0, instance:TestCases.VerifyLoginTestCase@194bcebf]" started-at="2022-08-29T00:51:20 IST" name="TearDown" finished-at="2022-08-29T00:51:21 IST" duration-ms="825" status="PASS">
          <reporter-output>
          </reporter-output>
        </test-method> <!-- TearDown -->
      </class> <!-- TestCases.VerifyLoginTestCase -->
      <class name="TestCases.VerifySignUpTestCase">
        <test-method is-config="true" signature="launchbrowser()[pri:0, instance:TestCases.VerifySignUpTestCase@5a45133e]" started-at="2022-08-29T00:51:21 IST" name="launchbrowser" finished-at="2022-08-29T00:51:27 IST" duration-ms="5756" status="PASS">
          <reporter-output>
          </reporter-output>
        </test-method> <!-- launchbrowser -->
        <test-method signature="SignUp()[pri:0, instance:TestCases.VerifySignUpTestCase@5a45133e]" started-at="2022-08-29T00:51:27 IST" name="SignUp" finished-at="2022-08-29T00:51:35 IST" duration-ms="8307" status="PASS">
          <reporter-output>
          </reporter-output>
        </test-method> <!-- SignUp -->
        <test-method is-config="true" signature="TearDown()[pri:0, instance:TestCases.VerifySignUpTestCase@5a45133e]" started-at="2022-08-29T00:51:35 IST" name="TearDown" finished-at="2022-08-29T00:51:36 IST" duration-ms="1138" status="PASS">
          <reporter-output>
          </reporter-output>
        </test-method> <!-- TearDown -->
      </class> <!-- TestCases.VerifySignUpTestCase -->
    </test> <!-- Test -->
  </suite> <!-- Suite -->
</testng-results>
